<?xml version="1.0" encoding="UTF-8"?>
<!-- Generated by org.testng.reporters.JUnitReportReporter -->
<testsuite hostname="ZZshmanoj01" name="Academy.E2EProject.HomePage" tests="2" failures="0" timestamp="2 Apr 2020 19:39:39 GMT" time="41.914" errors="0">
  <testcase name="baseNavigationDriver" time="22.435" classname="Academy.E2EProject.HomePage"/>
  <testcase name="baseNavigationDriver" time="19.479" classname="Academy.E2EProject.HomePage"/>
</testsuite> <!-- Academy.E2EProject.HomePage -->
