<?xml version="1.0" encoding="UTF-8"?>
<!-- Generated by org.testng.reporters.JUnitReportReporter -->
<testsuite hostname="ZZshmanoj01" name="Academy.E2EProject.HomePage" tests="2" failures="0" timestamp="26 Mar 2020 19:31:31 GMT" time="27.280" errors="0">
  <testcase name="baseNavigationDriver" time="16.198" classname="Academy.E2EProject.HomePage"/>
  <testcase name="baseNavigationDriver" time="11.082" classname="Academy.E2EProject.HomePage"/>
</testsuite> <!-- Academy.E2EProject.HomePage -->
