<?xml version="1.0" encoding="UTF-8"?>
<!-- Generated by org.testng.reporters.JUnitReportReporter -->
<testsuite hostname="ZZshmanoj01" name="Academy.E2EProject.ValidateNavbar" tests="1" failures="0" timestamp="26 Mar 2020 19:31:31 GMT" time="0.689" errors="0">
  <testcase name="navigationBar" time="0.689" classname="Academy.E2EProject.ValidateNavbar"/>
</testsuite> <!-- Academy.E2EProject.ValidateNavbar -->
