<?xml version="1.0" encoding="UTF-8"?>
<!-- Generated by org.testng.reporters.JUnitReportReporter -->
<testsuite hostname="ZZshmanoj01" name="Academy.E2EProject.Validatetitle" tests="1" failures="0" timestamp="26 Mar 2020 19:31:31 GMT" time="0.549" errors="0">
  <testcase name="baseNavigationDriver" time="0.549" classname="Academy.E2EProject.Validatetitle"/>
</testsuite> <!-- Academy.E2EProject.Validatetitle -->
